<?xml version="1.0" encoding="UTF-8"?>
<!-- Generated by org.testng.reporters.JUnitXMLReporter -->
<testsuite ignored="0" hostname="DESKTOP-NHV86RI" failures="0" tests="23" name="Default test" time="118.029" errors="0" timestamp="2025-08-02T15:08:02 IST">
  <testcase classname="testNGExamples.HRMAdmin_CURD_26" name="clickOnAdminLeftPanel" time="1.596"/>
  <testcase classname="testNGExamples.HRMAdmin_CURD_26" name="clickOnAddButton" time="1.544"/>
  <testcase classname="testNGExamples.HRMAdmin_CURD_26" name="selectUserRoleDD" time="4.174"/>
  <testcase classname="testNGExamples.HRMAdmin_CURD_26" name="selectStatusDD" time="4.139"/>
  <testcase classname="testNGExamples.HRMAdmin_CURD_26" name="selectEmployeeName" time="8.284"/>
  <testcase classname="testNGExamples.HRMAdmin_CURD_26" name="enterUsername1" time="6.234"/>
  <testcase classname="testNGExamples.HRMAdmin_CURD_26" name="enterPassword1" time="6.215"/>
  <testcase classname="testNGExamples.HRMAdmin_CURD_26" name="enterConfirmPassword" time="6.212"/>
  <testcase classname="testNGExamples.HRMAdmin_CURD_26" name="clickOnSaveButton" time="5.085"/>
  <testcase classname="testNGExamples.HRMAdmin_CURD_26" name="searchUserName" time="4.131"/>
  <testcase classname="testNGExamples.HRMAdmin_CURD_26" name="clickOnSearchButton" time="5.14"/>
  <testcase classname="testNGExamples.HRMAdmin_CURD_26" name="clickOnEditIcon" time="4.496"/>
  <testcase classname="testNGExamples.HRMAdmin_CURD_26" name="selectUserRoleDD_2" time="4.143"/>
  <testcase classname="testNGExamples.HRMAdmin_CURD_26" name="selectStatusDD_2" time="4.13"/>
  <testcase classname="testNGExamples.HRMAdmin_CURD_26" name="selectEmployeeName_2" time="8.298"/>
  <testcase classname="testNGExamples.HRMAdmin_CURD_26" name="enterUsername_2" time="4.184"/>
  <testcase classname="testNGExamples.HRMAdmin_CURD_26" name="clickOnCheckBox" time="2.08"/>
  <testcase classname="testNGExamples.HRMAdmin_CURD_26" name="enterPassword_2" time="6.168"/>
  <testcase classname="testNGExamples.HRMAdmin_CURD_26" name="enterConfirmPassword_2" time="6.15"/>
  <testcase classname="testNGExamples.HRMAdmin_CURD_26" name="clickOnSaveButton_2" time="5.071"/>
  <testcase classname="testNGExamples.HRMAdmin_CURD_26" name="searchUserName_2" time="4.094"/>
  <testcase classname="testNGExamples.HRMAdmin_CURD_26" name="clickOnSearchButton_2" time="8.142"/>
  <testcase classname="testNGExamples.HRMAdmin_CURD_26" name="clickOnDeleteIcon" time="8.272"/>
</testsuite> <!-- Default test -->
