<?xml version="1.0" encoding="UTF-8"?>
<testng-results ignored="0" total="23" passed="23" failed="0" skipped="0">
  <reporter-output>
    <line>
      <![CDATA[open Browser With Login]]>
    </line>
    <line>
      <![CDATA[Login Page Displayed Successfully. -------> Login]]>
    </line>
    <line>
      <![CDATA[Login Page Displayed Successfully. -------> true]]>
    </line>
    <line>
      <![CDATA[Username Entered Successfully. -------> Admin]]>
    </line>
    <line>
      <![CDATA[Password Entered Successfully. -------> admin123]]>
    </line>
    <line>
      <![CDATA[Click On Login Successfully. -------> admin123]]>
    </line>
    <line>
      <![CDATA[Dashobard Page Displayed Successfully. ------> Dashboard]]>
    </line>
    <line>
      <![CDATA[Dashobard Page Displayed Successfully. ------> true]]>
    </line>
    <line>
      <![CDATA[Current Page URL: ------> https://opensource-demo.orangehrmlive.com/web/index.php/dashboard/index]]>
    </line>
    <line>
      <![CDATA[Current Page Title: ------> OrangeHRM]]>
    </line>
    <line>
      <![CDATA[AdminTab clicked successfully------------> ]]>
    </line>
    <line>
      <![CDATA[AdminPage Get Text Verify Displayed Successfully.Admin]]>
    </line>
    <line>
      <![CDATA[AdminPage Boolean Verify Displayed successfully------------> true]]>
    </line>
    <line>
      <![CDATA[Add Button Clicked Successfully.]]>
    </line>
    <line>
      <![CDATA[Clicked On Select User Role Dropdown.]]>
    </line>
    <line>
      <![CDATA[AdminUser Role Selected Successfully ------> Admin]]>
    </line>
    <line>
      <![CDATA[Clicked On Status Dropdown]]>
    </line>
    <line>
      <![CDATA[EnabledStatus Selected Successfully----> Enabled]]>
    </line>
    <line>
      <![CDATA[Select All Text Enabled]]>
    </line>
    <line>
      <![CDATA[Remove All Text Enabled]]>
    </line>
    <line>
      <![CDATA[Type Employee Name ----> a]]>
    </line>
    <line>
      <![CDATA[Employee Name Entered Successfully From List ----> a]]>
    </line>
    <line>
      <![CDATA[Select All Text----> ]]>
    </line>
    <line>
      <![CDATA[Remove All Text----> ]]>
    </line>
    <line>
      <![CDATA[Username Entered Successfully----> kunal187]]>
    </line>
    <line>
      <![CDATA[Select All Text----> ]]>
    </line>
    <line>
      <![CDATA[Remove All Text----> ]]>
    </line>
    <line>
      <![CDATA[Password Entered Successfully----> Kunal@123]]>
    </line>
    <line>
      <![CDATA[Select All Text----> ]]>
    </line>
    <line>
      <![CDATA[Remove All Text----> ]]>
    </line>
    <line>
      <![CDATA[Confirm Password Entered Successfully----> Kunal@123]]>
    </line>
    <line>
      <![CDATA[Click On Save Button Successfully.]]>
    </line>
    <line>
      <![CDATA[Enter Username In Search Field Successfully.----> kunal187]]>
    </line>
    <line>
      <![CDATA[Click On Search Button Successfully.]]>
    </line>
    <line>
      <![CDATA[Number of records found in the list. -----> (1) Record Found]]>
    </line>
    <line>
      <![CDATA[User Name Found in Records -----> kunal187]]>
    </line>
    <line>
      <![CDATA[Edit icon clicked Successfully.]]>
    </line>
    <line>
      <![CDATA[Clicked On Select User Role Dropdown.]]>
    </line>
    <line>
      <![CDATA[User Role Selected Successfully From Dropdown------> ESS]]>
    </line>
    <line>
      <![CDATA[Clicked On Status Dropdown]]>
    </line>
    <line>
      <![CDATA[Status Selected Successfully From Dropdown----> Disabled]]>
    </line>
    <line>
      <![CDATA[Select All Text.]]>
    </line>
    <line>
      <![CDATA[Remove All Text.]]>
    </line>
    <line>
      <![CDATA[Type Employee Name ----> l]]>
    </line>
    <line>
      <![CDATA[Employee Name Selected Successfully From List.]]>
    </line>
    <line>
      <![CDATA[Select All Text.]]>
    </line>
    <line>
      <![CDATA[Remove All Text.]]>
    </line>
    <line>
      <![CDATA[Username Entered Successfully----> kunal188]]>
    </line>
    <line>
      <![CDATA[CheckBox icon clicked Successfully.kunal188]]>
    </line>
    <line>
      <![CDATA[Select All Text.]]>
    </line>
    <line>
      <![CDATA[Remove All Text.]]>
    </line>
    <line>
      <![CDATA[Password Entered Successfully-----> Kunal@321]]>
    </line>
    <line>
      <![CDATA[Select All Text.]]>
    </line>
    <line>
      <![CDATA[Remove All Text.]]>
    </line>
    <line>
      <![CDATA[Confirm Password Entered Successfully------>Kunal@321]]>
    </line>
    <line>
      <![CDATA[Click On Save Button Successfully.]]>
    </line>
    <line>
      <![CDATA[Enter Username In Search Field Successfully.----> kunal188]]>
    </line>
    <line>
      <![CDATA[Click On Search Button Successfully.]]>
    </line>
    <line>
      <![CDATA[Number of records found in the list. -----> (1) Record Found]]>
    </line>
    <line>
      <![CDATA[Updated User Name Found in Records -----> kunal188]]>
    </line>
    <line>
      <![CDATA[Delete icon clicked Successfully]]>
    </line>
    <line>
      <![CDATA[clicked on yes button.]]>
    </line>
    <line>
      <![CDATA[User is deleted Successfully--------------->true]]>
    </line>
    <line>
      <![CDATA[User is deleted Successfully--------------->true]]>
    </line>
    <line>
      <![CDATA[Clicked on profile icon]]>
    </line>
    <line>
      <![CDATA[Clicked on logout link.]]>
    </line>
    <line>
      <![CDATA[Login Page Displayed-------------->true]]>
    </line>
    <line>
      <![CDATA[Browser Closed successfully.]]>
    </line>
  </reporter-output>
  <suite started-at="2025-08-02T15:06:04 IST" name="Default suite" finished-at="2025-08-02T15:08:02 IST" duration-ms="118029">
    <groups>
    </groups>
    <test started-at="2025-08-02T15:06:04 IST" name="Default test" finished-at="2025-08-02T15:08:02 IST" duration-ms="118029">
      <class name="testNGExamples.HRMAdmin_CURD_26">
        <test-method is-config="true" signature="beforeSuite()[pri:0, instance:testNGExamples.HRMAdmin_CURD_26@26794848]" started-at="2025-08-02T15:05:43 IST" name="beforeSuite" finished-at="2025-08-02T15:06:04 IST" duration-ms="20871" status="PASS">
          <reporter-output>
            <line>
              <![CDATA[open Browser With Login]]>
            </line>
            <line>
              <![CDATA[Login Page Displayed Successfully. -------> Login]]>
            </line>
            <line>
              <![CDATA[Login Page Displayed Successfully. -------> true]]>
            </line>
            <line>
              <![CDATA[Username Entered Successfully. -------> Admin]]>
            </line>
            <line>
              <![CDATA[Password Entered Successfully. -------> admin123]]>
            </line>
            <line>
              <![CDATA[Click On Login Successfully. -------> admin123]]>
            </line>
            <line>
              <![CDATA[Dashobard Page Displayed Successfully. ------> Dashboard]]>
            </line>
            <line>
              <![CDATA[Dashobard Page Displayed Successfully. ------> true]]>
            </line>
            <line>
              <![CDATA[Current Page URL: ------> https://opensource-demo.orangehrmlive.com/web/index.php/dashboard/index]]>
            </line>
            <line>
              <![CDATA[Current Page Title: ------> OrangeHRM]]>
            </line>
          </reporter-output>
        </test-method> <!-- beforeSuite -->
        <test-method signature="clickOnAdminLeftPanel()[pri:1, instance:testNGExamples.HRMAdmin_CURD_26@26794848]" started-at="2025-08-02T15:06:04 IST" name="clickOnAdminLeftPanel" description="clickOnAdminLeftPanel" finished-at="2025-08-02T15:06:05 IST" duration-ms="1596" status="PASS">
          <reporter-output>
            <line>
              <![CDATA[AdminTab clicked successfully------------> ]]>
            </line>
            <line>
              <![CDATA[AdminPage Get Text Verify Displayed Successfully.Admin]]>
            </line>
            <line>
              <![CDATA[AdminPage Boolean Verify Displayed successfully------------> true]]>
            </line>
          </reporter-output>
        </test-method> <!-- clickOnAdminLeftPanel -->
        <test-method signature="clickOnAddButton()[pri:2, instance:testNGExamples.HRMAdmin_CURD_26@26794848]" started-at="2025-08-02T15:06:05 IST" name="clickOnAddButton" description="clickOnAddButton" finished-at="2025-08-02T15:06:07 IST" duration-ms="1544" status="PASS">
          <reporter-output>
            <line>
              <![CDATA[Add Button Clicked Successfully.]]>
            </line>
          </reporter-output>
        </test-method> <!-- clickOnAddButton -->
        <test-method signature="selectUserRoleDD()[pri:3, instance:testNGExamples.HRMAdmin_CURD_26@26794848]" started-at="2025-08-02T15:06:07 IST" name="selectUserRoleDD" description="selectUserRoleDD" finished-at="2025-08-02T15:06:11 IST" duration-ms="4174" status="PASS">
          <reporter-output>
            <line>
              <![CDATA[Clicked On Select User Role Dropdown.]]>
            </line>
            <line>
              <![CDATA[AdminUser Role Selected Successfully ------> Admin]]>
            </line>
          </reporter-output>
        </test-method> <!-- selectUserRoleDD -->
        <test-method signature="selectStatusDD()[pri:4, instance:testNGExamples.HRMAdmin_CURD_26@26794848]" started-at="2025-08-02T15:06:11 IST" name="selectStatusDD" description="selectStatusDD" finished-at="2025-08-02T15:06:15 IST" duration-ms="4139" status="PASS">
          <reporter-output>
            <line>
              <![CDATA[Clicked On Status Dropdown]]>
            </line>
            <line>
              <![CDATA[EnabledStatus Selected Successfully----> Enabled]]>
            </line>
          </reporter-output>
        </test-method> <!-- selectStatusDD -->
        <test-method signature="selectEmployeeName()[pri:5, instance:testNGExamples.HRMAdmin_CURD_26@26794848]" started-at="2025-08-02T15:06:15 IST" name="selectEmployeeName" description="selectEmployeeName" finished-at="2025-08-02T15:06:24 IST" duration-ms="8284" status="PASS">
          <reporter-output>
            <line>
              <![CDATA[Select All Text Enabled]]>
            </line>
            <line>
              <![CDATA[Remove All Text Enabled]]>
            </line>
            <line>
              <![CDATA[Type Employee Name ----> a]]>
            </line>
            <line>
              <![CDATA[Employee Name Entered Successfully From List ----> a]]>
            </line>
          </reporter-output>
        </test-method> <!-- selectEmployeeName -->
        <test-method signature="enterUsername1()[pri:6, instance:testNGExamples.HRMAdmin_CURD_26@26794848]" started-at="2025-08-02T15:06:24 IST" name="enterUsername1" description="enterUsername1" finished-at="2025-08-02T15:06:30 IST" duration-ms="6234" status="PASS">
          <reporter-output>
            <line>
              <![CDATA[Select All Text----> ]]>
            </line>
            <line>
              <![CDATA[Remove All Text----> ]]>
            </line>
            <line>
              <![CDATA[Username Entered Successfully----> kunal187]]>
            </line>
          </reporter-output>
        </test-method> <!-- enterUsername1 -->
        <test-method signature="enterPassword1()[pri:7, instance:testNGExamples.HRMAdmin_CURD_26@26794848]" started-at="2025-08-02T15:06:30 IST" name="enterPassword1" description="enterPassword1" finished-at="2025-08-02T15:06:36 IST" duration-ms="6215" status="PASS">
          <reporter-output>
            <line>
              <![CDATA[Select All Text----> ]]>
            </line>
            <line>
              <![CDATA[Remove All Text----> ]]>
            </line>
            <line>
              <![CDATA[Password Entered Successfully----> Kunal@123]]>
            </line>
          </reporter-output>
        </test-method> <!-- enterPassword1 -->
        <test-method signature="enterConfirmPassword()[pri:8, instance:testNGExamples.HRMAdmin_CURD_26@26794848]" started-at="2025-08-02T15:06:36 IST" name="enterConfirmPassword" description="enterConfirmPassword" finished-at="2025-08-02T15:06:42 IST" duration-ms="6212" status="PASS">
          <reporter-output>
            <line>
              <![CDATA[Select All Text----> ]]>
            </line>
            <line>
              <![CDATA[Remove All Text----> ]]>
            </line>
            <line>
              <![CDATA[Confirm Password Entered Successfully----> Kunal@123]]>
            </line>
          </reporter-output>
        </test-method> <!-- enterConfirmPassword -->
        <test-method signature="clickOnSaveButton()[pri:9, instance:testNGExamples.HRMAdmin_CURD_26@26794848]" started-at="2025-08-02T15:06:42 IST" name="clickOnSaveButton" description="clickOnSaveButton" finished-at="2025-08-02T15:06:47 IST" duration-ms="5085" status="PASS">
          <reporter-output>
            <line>
              <![CDATA[Click On Save Button Successfully.]]>
            </line>
          </reporter-output>
        </test-method> <!-- clickOnSaveButton -->
        <test-method signature="searchUserName()[pri:10, instance:testNGExamples.HRMAdmin_CURD_26@26794848]" started-at="2025-08-02T15:06:47 IST" name="searchUserName" description="searchUserName" finished-at="2025-08-02T15:06:52 IST" duration-ms="4131" status="PASS">
          <reporter-output>
            <line>
              <![CDATA[Enter Username In Search Field Successfully.----> kunal187]]>
            </line>
          </reporter-output>
        </test-method> <!-- searchUserName -->
        <test-method signature="clickOnSearchButton()[pri:11, instance:testNGExamples.HRMAdmin_CURD_26@26794848]" started-at="2025-08-02T15:06:52 IST" name="clickOnSearchButton" description="clickOnSearchButton" finished-at="2025-08-02T15:06:57 IST" duration-ms="5140" status="PASS">
          <reporter-output>
            <line>
              <![CDATA[Click On Search Button Successfully.]]>
            </line>
            <line>
              <![CDATA[Number of records found in the list. -----> (1) Record Found]]>
            </line>
            <line>
              <![CDATA[User Name Found in Records -----> kunal187]]>
            </line>
          </reporter-output>
        </test-method> <!-- clickOnSearchButton -->
        <test-method signature="clickOnEditIcon()[pri:12, instance:testNGExamples.HRMAdmin_CURD_26@26794848]" started-at="2025-08-02T15:06:57 IST" name="clickOnEditIcon" description="clickOnEditIcon" finished-at="2025-08-02T15:07:01 IST" duration-ms="4496" status="PASS">
          <reporter-output>
            <line>
              <![CDATA[Edit icon clicked Successfully.]]>
            </line>
          </reporter-output>
        </test-method> <!-- clickOnEditIcon -->
        <test-method signature="selectUserRoleDD_2()[pri:13, instance:testNGExamples.HRMAdmin_CURD_26@26794848]" started-at="2025-08-02T15:07:01 IST" name="selectUserRoleDD_2" description="selectUserRoleDD_2" finished-at="2025-08-02T15:07:05 IST" duration-ms="4143" status="PASS">
          <reporter-output>
            <line>
              <![CDATA[Clicked On Select User Role Dropdown.]]>
            </line>
            <line>
              <![CDATA[User Role Selected Successfully From Dropdown------> ESS]]>
            </line>
          </reporter-output>
        </test-method> <!-- selectUserRoleDD_2 -->
        <test-method signature="selectStatusDD_2()[pri:14, instance:testNGExamples.HRMAdmin_CURD_26@26794848]" started-at="2025-08-02T15:07:05 IST" name="selectStatusDD_2" description="selectStatusDD_2" finished-at="2025-08-02T15:07:09 IST" duration-ms="4130" status="PASS">
          <reporter-output>
            <line>
              <![CDATA[Clicked On Status Dropdown]]>
            </line>
            <line>
              <![CDATA[Status Selected Successfully From Dropdown----> Disabled]]>
            </line>
          </reporter-output>
        </test-method> <!-- selectStatusDD_2 -->
        <test-method signature="selectEmployeeName_2()[pri:15, instance:testNGExamples.HRMAdmin_CURD_26@26794848]" started-at="2025-08-02T15:07:09 IST" name="selectEmployeeName_2" description="selectEmployeeName_2" finished-at="2025-08-02T15:07:18 IST" duration-ms="8298" status="PASS">
          <reporter-output>
            <line>
              <![CDATA[Select All Text.]]>
            </line>
            <line>
              <![CDATA[Remove All Text.]]>
            </line>
            <line>
              <![CDATA[Type Employee Name ----> l]]>
            </line>
            <line>
              <![CDATA[Employee Name Selected Successfully From List.]]>
            </line>
          </reporter-output>
        </test-method> <!-- selectEmployeeName_2 -->
        <test-method signature="enterUsername_2()[pri:16, instance:testNGExamples.HRMAdmin_CURD_26@26794848]" started-at="2025-08-02T15:07:18 IST" name="enterUsername_2" description="enterUsername_2" finished-at="2025-08-02T15:07:22 IST" duration-ms="4184" status="PASS">
          <reporter-output>
            <line>
              <![CDATA[Select All Text.]]>
            </line>
            <line>
              <![CDATA[Remove All Text.]]>
            </line>
            <line>
              <![CDATA[Username Entered Successfully----> kunal188]]>
            </line>
          </reporter-output>
        </test-method> <!-- enterUsername_2 -->
        <test-method signature="clickOnCheckBox()[pri:17, instance:testNGExamples.HRMAdmin_CURD_26@26794848]" started-at="2025-08-02T15:07:22 IST" name="clickOnCheckBox" description="clickOnCheckBox" finished-at="2025-08-02T15:07:24 IST" duration-ms="2080" status="PASS">
          <reporter-output>
            <line>
              <![CDATA[CheckBox icon clicked Successfully.kunal188]]>
            </line>
          </reporter-output>
        </test-method> <!-- clickOnCheckBox -->
        <test-method signature="enterPassword_2()[pri:18, instance:testNGExamples.HRMAdmin_CURD_26@26794848]" started-at="2025-08-02T15:07:24 IST" name="enterPassword_2" description="enterPassword_2" finished-at="2025-08-02T15:07:30 IST" duration-ms="6168" status="PASS">
          <reporter-output>
            <line>
              <![CDATA[Select All Text.]]>
            </line>
            <line>
              <![CDATA[Remove All Text.]]>
            </line>
            <line>
              <![CDATA[Password Entered Successfully-----> Kunal@321]]>
            </line>
          </reporter-output>
        </test-method> <!-- enterPassword_2 -->
        <test-method signature="enterConfirmPassword_2()[pri:19, instance:testNGExamples.HRMAdmin_CURD_26@26794848]" started-at="2025-08-02T15:07:30 IST" name="enterConfirmPassword_2" description="enterConfirmPassword_2" finished-at="2025-08-02T15:07:36 IST" duration-ms="6150" status="PASS">
          <reporter-output>
            <line>
              <![CDATA[Select All Text.]]>
            </line>
            <line>
              <![CDATA[Remove All Text.]]>
            </line>
            <line>
              <![CDATA[Confirm Password Entered Successfully------>Kunal@321]]>
            </line>
          </reporter-output>
        </test-method> <!-- enterConfirmPassword_2 -->
        <test-method signature="clickOnSaveButton_2()[pri:20, instance:testNGExamples.HRMAdmin_CURD_26@26794848]" started-at="2025-08-02T15:07:36 IST" name="clickOnSaveButton_2" description="clickOnSaveButton_2" finished-at="2025-08-02T15:07:41 IST" duration-ms="5071" status="PASS">
          <reporter-output>
            <line>
              <![CDATA[Click On Save Button Successfully.]]>
            </line>
          </reporter-output>
        </test-method> <!-- clickOnSaveButton_2 -->
        <test-method signature="searchUserName_2()[pri:21, instance:testNGExamples.HRMAdmin_CURD_26@26794848]" started-at="2025-08-02T15:07:41 IST" name="searchUserName_2" description="searchUserName_2" finished-at="2025-08-02T15:07:45 IST" duration-ms="4094" status="PASS">
          <reporter-output>
            <line>
              <![CDATA[Enter Username In Search Field Successfully.----> kunal188]]>
            </line>
          </reporter-output>
        </test-method> <!-- searchUserName_2 -->
        <test-method signature="clickOnSearchButton_2()[pri:22, instance:testNGExamples.HRMAdmin_CURD_26@26794848]" started-at="2025-08-02T15:07:45 IST" name="clickOnSearchButton_2" description="clickOnSearchButton_2" finished-at="2025-08-02T15:07:54 IST" duration-ms="8142" status="PASS">
          <reporter-output>
            <line>
              <![CDATA[Click On Search Button Successfully.]]>
            </line>
            <line>
              <![CDATA[Number of records found in the list. -----> (1) Record Found]]>
            </line>
            <line>
              <![CDATA[Updated User Name Found in Records -----> kunal188]]>
            </line>
          </reporter-output>
        </test-method> <!-- clickOnSearchButton_2 -->
        <test-method signature="clickOnDeleteIcon()[pri:23, instance:testNGExamples.HRMAdmin_CURD_26@26794848]" started-at="2025-08-02T15:07:54 IST" name="clickOnDeleteIcon" description="clickOnDeleteIcon" finished-at="2025-08-02T15:08:02 IST" duration-ms="8272" status="PASS">
          <reporter-output>
            <line>
              <![CDATA[Delete icon clicked Successfully]]>
            </line>
            <line>
              <![CDATA[clicked on yes button.]]>
            </line>
            <line>
              <![CDATA[User is deleted Successfully--------------->true]]>
            </line>
            <line>
              <![CDATA[User is deleted Successfully--------------->true]]>
            </line>
          </reporter-output>
        </test-method> <!-- clickOnDeleteIcon -->
        <test-method is-config="true" signature="afterSuite()[pri:0, instance:testNGExamples.HRMAdmin_CURD_26@26794848]" started-at="2025-08-02T15:08:02 IST" name="afterSuite" finished-at="2025-08-02T15:08:10 IST" duration-ms="8339" status="PASS">
          <reporter-output>
            <line>
              <![CDATA[Clicked on profile icon]]>
            </line>
            <line>
              <![CDATA[Clicked on logout link.]]>
            </line>
            <line>
              <![CDATA[Login Page Displayed-------------->true]]>
            </line>
            <line>
              <![CDATA[Browser Closed successfully.]]>
            </line>
          </reporter-output>
        </test-method> <!-- afterSuite -->
      </class> <!-- testNGExamples.HRMAdmin_CURD_26 -->
    </test> <!-- Default test -->
  </suite> <!-- Default suite -->
</testng-results>
